[    2335ms] Error: Minified React error #418; visit https://reactjs.org/docs/error-decoder.html?invariant=418 for the full message or use the non-minified dev environment for full errors and additional helpful warnings.
    at ly (https://prod.smassets.net/assets/smweb/_next/static/chunks/framework-5ddd597c94d4e4d0.js:1:46887)
    at https://prod.smassets.net/assets/smweb/_next/static/chunks/framework-5ddd597c94d4e4d0.js:1:100007
    at oD (https://prod.smassets.net/assets/smweb/_next/static/chunks/framework-5ddd597c94d4e4d0.js:1:106227)
    at oO (https://prod.smassets.net/assets/smweb/_next/static/chunks/framework-5ddd597c94d4e4d0.js:1:99175)
    at https://prod.smassets.net/assets/smweb/_next/static/chunks/framework-5ddd597c94d4e4d0.js:1:98982
    at oF (https://prod.smassets.net/assets/smweb/_next/static/chunks/framework-5ddd597c94d4e4d0.js:1:98989)
    at oS (https://prod.smassets.net/assets/smweb/_next/static/chunks/framework-5ddd597c94d4e4d0.js:1:94028)
    at x (https://prod.smassets.net/assets/smweb/_next/static/chunks/framework-5ddd597c94d4e4d0.js:1:137525)
    at MessagePort.T (https://prod.smassets.net/assets/smweb/_next/static/chunks/framework-5ddd597c94d4e4d0.js:1:138055)
[    2353ms] Error: Minified React error #418; visit https://reactjs.org/docs/error-decoder.html?invariant=418 for the full message or use the non-minified dev environment for full errors and additional helpful warnings.
    at lg (https://prod.smassets.net/assets/smweb/_next/static/chunks/framework-5ddd597c94d4e4d0.js:1:46433)
    at i (https://prod.smassets.net/assets/smweb/_next/static/chunks/framework-5ddd597c94d4e4d0.js:1:121148)
    at oO (https://prod.smassets.net/assets/smweb/_next/static/chunks/framework-5ddd597c94d4e4d0.js:1:99115)
    at https://prod.smassets.net/assets/smweb/_next/static/chunks/framework-5ddd597c94d4e4d0.js:1:98982
    at oF (https://prod.smassets.net/assets/smweb/_next/static/chunks/framework-5ddd597c94d4e4d0.js:1:98989)
    at oS (https://prod.smassets.net/assets/smweb/_next/static/chunks/framework-5ddd597c94d4e4d0.js:1:94028)
    at x (https://prod.smassets.net/assets/smweb/_next/static/chunks/framework-5ddd597c94d4e4d0.js:1:137525)
    at MessagePort.T (https://prod.smassets.net/assets/smweb/_next/static/chunks/framework-5ddd597c94d4e4d0.js:1:138055)
[    2353ms] Error: Minified React error #418; visit https://reactjs.org/docs/error-decoder.html?invariant=418 for the full message or use the non-minified dev environment for full errors and additional helpful warnings.
    at lg (https://prod.smassets.net/assets/smweb/_next/static/chunks/framework-5ddd597c94d4e4d0.js:1:46433)
    at i (https://prod.smassets.net/assets/smweb/_next/static/chunks/framework-5ddd597c94d4e4d0.js:1:121148)
    at oO (https://prod.smassets.net/assets/smweb/_next/static/chunks/framework-5ddd597c94d4e4d0.js:1:99115)
    at https://prod.smassets.net/assets/smweb/_next/static/chunks/framework-5ddd597c94d4e4d0.js:1:98982
    at oF (https://prod.smassets.net/assets/smweb/_next/static/chunks/framework-5ddd597c94d4e4d0.js:1:98989)
    at oS (https://prod.smassets.net/assets/smweb/_next/static/chunks/framework-5ddd597c94d4e4d0.js:1:94028)
    at x (https://prod.smassets.net/assets/smweb/_next/static/chunks/framework-5ddd597c94d4e4d0.js:1:137525)
    at MessagePort.T (https://prod.smassets.net/assets/smweb/_next/static/chunks/framework-5ddd597c94d4e4d0.js:1:138055)
[    2354ms] Error: Minified React error #423; visit https://reactjs.org/docs/error-decoder.html?invariant=423 for the full message or use the non-minified dev environment for full errors and additional helpful warnings.
    at i (https://prod.smassets.net/assets/smweb/_next/static/chunks/framework-5ddd597c94d4e4d0.js:1:120817)
    at oO (https://prod.smassets.net/assets/smweb/_next/static/chunks/framework-5ddd597c94d4e4d0.js:1:99115)
    at https://prod.smassets.net/assets/smweb/_next/static/chunks/framework-5ddd597c94d4e4d0.js:1:98982
    at oF (https://prod.smassets.net/assets/smweb/_next/static/chunks/framework-5ddd597c94d4e4d0.js:1:98989)
    at ox (https://prod.smassets.net/assets/smweb/_next/static/chunks/framework-5ddd597c94d4e4d0.js:1:95741)
    at oS (https://prod.smassets.net/assets/smweb/_next/static/chunks/framework-5ddd597c94d4e4d0.js:1:94296)
    at x (https://prod.smassets.net/assets/smweb/_next/static/chunks/framework-5ddd597c94d4e4d0.js:1:137525)
    at MessagePort.T (https://prod.smassets.net/assets/smweb/_next/static/chunks/framework-5ddd597c94d4e4d0.js:1:138055)
